<?xml version="1.0" encoding="UTF-8"?>
<testsuite xmlns:xsi="http://www.w3.org/2001/XMLSchema-instance" xsi:noNamespaceSchemaLocation="https://maven.apache.org/surefire/maven-surefire-plugin/xsd/surefire-test-report-3.0.xsd" version="3.0" name="org.mybatis.jpetstore.mapper.OrderMapperTest" time="0.136" tests="4" errors="0" skipped="0" failures="0">
  <properties>
[...]
</properties>
  <testcase name="insertOrderStatus" classname="org.mybatis.jpetstore.mapper.OrderMapperTest" time="0.028"/>
  <testcase name="insertOrder" classname="org.mybatis.jpetstore.mapper.OrderMapperTest" time="0.017"/>
  <testcase name="getOrdersByUsername" classname="org.mybatis.jpetstore.mapper.OrderMapperTest" time="0.041"/>
  <testcase name="getOrder" classname="org.mybatis.jpetstore.mapper.OrderMapperTest" time="0.03"/>
</testsuite>